<?xml version="1.0" encoding="UTF-8"?>
<coverage generated="1783272891007" clover="3.2.0">
  <project timestamp="1783272891007" name="All files">
    <metrics statements="18" coveredstatements="18" conditionals="12" coveredconditionals="12" methods="10" coveredmethods="10" elements="40" coveredelements="40" complexity="0" loc="18" ncloc="18" packages="1" files="2" classes="2"/>
    <file name="Carousel.jsx" path="C:\Users\eporr\Documents\OpenClassroom\Projet_8\TesteurLogiciel_appli_location_immobiliere_React-main\TesteurLogiciel_appli_location_immobiliere_React-main\frontend\kasa\src\components\Carousel.jsx">
      <metrics statements="16" coveredstatements="16" conditionals="12" coveredconditionals="12" methods="9" coveredmethods="9"/>
      <line num="4" count="1" type="cond" truecount="2" falsecount="0"/>
      <line num="5" count="46" type="stmt"/>
      <line num="6" count="46" type="stmt"/>
      <line num="8" count="46" type="stmt"/>
      <line num="9" count="19" type="stmt"/>
      <line num="12" count="46" type="stmt"/>
      <line num="13" count="38" type="stmt"/>
      <line num="14" count="11" type="cond" truecount="2" falsecount="0"/>
      <line num="15" count="9" type="cond" truecount="2" falsecount="0"/>
      <line num="16" count="9" type="cond" truecount="2" falsecount="0"/>
      <line num="18" count="38" type="stmt"/>
      <line num="19" count="38" type="stmt"/>
      <line num="22" count="46" type="stmt"/>
      <line num="23" count="46" type="stmt"/>
      <line num="25" count="46" type="cond" truecount="2" falsecount="0"/>
      <line num="27" count="44" type="stmt"/>
    </file>
    <file name="PropertyCard.jsx" path="C:\Users\eporr\Documents\OpenClassroom\Projet_8\TesteurLogiciel_appli_location_immobiliere_React-main\TesteurLogiciel_appli_location_immobiliere_React-main\frontend\kasa\src\components\PropertyCard.jsx">
      <metrics statements="2" coveredstatements="2" conditionals="0" coveredconditionals="0" methods="1" coveredmethods="1"/>
      <line num="4" count="1" type="stmt"/>
      <line num="5" count="13" type="stmt"/>
    </file>
  </project>
</coverage>
