{"C:\\Users\\eporr\\Documents\\OpenClassroom\\Projet_8\\TesteurLogiciel_appli_location_immobiliere_React-main\\TesteurLogiciel_appli_location_immobiliere_React-main\\frontend\\kasa\\src\\components\\Card.jsx": {"path":"C:\\Users\\eporr\\Documents\\OpenClassroom\\Projet_8\\TesteurLogiciel_appli_location_immobiliere_React-main\\TesteurLogiciel_appli_location_immobiliere_React-main\\frontend\\kasa\\src\\components\\Card.jsx","statementMap":{"0":{"start":{"line":3,"column":13},"end":{"line":23,"column":1}},"1":{"start":{"line":4,"column":2},"end":{"line":4,"column":28}},"2":{"start":{"line":4,"column":17},"end":{"line":4,"column":28}},"3":{"start":{"line":6,"column":41},"end":{"line":6,"column":49}},"4":{"start":{"line":8,"column":2},"end":{"line":22,"column":3}}},"fnMap":{"0":{"name":"(anonymous_0)","decl":{"start":{"line":3,"column":13},"end":{"line":3,"column":14}},"loc":{"start":{"line":3,"column":31},"end":{"line":23,"column":1}},"line":3}},"branchMap":{"0":{"loc":{"start":{"line":4,"column":2},"end":{"line":4,"column":28}},"type":"if","locations":[{"start":{"line":4,"column":2},"end":{"line":4,"column":28}},{"start":{},"end":{}}],"line":4},"1":{"loc":{"start":{"line":11,"column":9},"end":{"line":15,"column":9}},"type":"cond-expr","locations":[{"start":{"line":12,"column":10},"end":{"line":12,"column":87}},{"start":{"line":14,"column":10},"end":{"line":14,"column":71}}],"line":11},"2":{"loc":{"start":{"line":12,"column":32},"end":{"line":12,"column":60}},"type":"binary-expr","locations":[{"start":{"line":12,"column":32},"end":{"line":12,"column":37}},{"start":{"line":12,"column":41},"end":{"line":12,"column":60}}],"line":12},"3":{"loc":{"start":{"line":18,"column":11},"end":{"line":18,"column":66}},"type":"binary-expr","locations":[{"start":{"line":18,"column":11},"end":{"line":18,"column":19}},{"start":{"line":18,"column":23},"end":{"line":18,"column":66}}],"line":18}},"s":{"0":1,"1":4,"2":1,"3":3,"4":3},"f":{"0":4},"b":{"0":[1,3],"1":[2,1],"2":[2,0],"3":[3,2]},"_coverageSchema":"1a1c01bbd47fc00a2c39e90264f33305004495a9","hash":"c8e9a5a3c268f69a7beb3a41f3e844699815f8ee"}
,"C:\\Users\\eporr\\Documents\\OpenClassroom\\Projet_8\\TesteurLogiciel_appli_location_immobiliere_React-main\\TesteurLogiciel_appli_location_immobiliere_React-main\\frontend\\kasa\\src\\components\\Carousel.jsx": {"path":"C:\\Users\\eporr\\Documents\\OpenClassroom\\Projet_8\\TesteurLogiciel_appli_location_immobiliere_React-main\\TesteurLogiciel_appli_location_immobiliere_React-main\\frontend\\kasa\\src\\components\\Carousel.jsx","statementMap":{"0":{"start":{"line":4,"column":17},"end":{"line":41,"column":1}},"1":{"start":{"line":5,"column":28},"end":{"line":5,"column":39}},"2":{"start":{"line":6,"column":17},"end":{"line":6,"column":30}},"3":{"start":{"line":8,"column":2},"end":{"line":10,"column":14}},"4":{"start":{"line":9,"column":4},"end":{"line":9,"column":15}},"5":{"start":{"line":12,"column":2},"end":{"line":20,"column":29}},"6":{"start":{"line":13,"column":18},"end":{"line":17,"column":5}},"7":{"start":{"line":14,"column":6},"end":{"line":14,"column":29}},"8":{"start":{"line":14,"column":23},"end":{"line":14,"column":29}},"9":{"start":{"line":15,"column":6},"end":{"line":15,"column":39}},"10":{"start":{"line":15,"column":33},"end":{"line":15,"column":39}},"11":{"start":{"line":16,"column":6},"end":{"line":16,"column":40}},"12":{"start":{"line":16,"column":34},"end":{"line":16,"column":40}},"13":{"start":{"line":18,"column":4},"end":{"line":18,"column":45}},"14":{"start":{"line":19,"column":4},"end":{"line":19,"column":61}},"15":{"start":{"line":19,"column":17},"end":{"line":19,"column":61}},"16":{"start":{"line":22,"column":15},"end":{"line":22,"column":63}},"17":{"start":{"line":22,"column":21},"end":{"line":22,"column":63}},"18":{"start":{"line":22,"column":37},"end":{"line":22,"column":62}},"19":{"start":{"line":23,"column":15},"end":{"line":23,"column":54}},"20":{"start":{"line":23,"column":21},"end":{"line":23,"column":54}},"21":{"start":{"line":23,"column":37},"end":{"line":23,"column":53}},"22":{"start":{"line":25,"column":2},"end":{"line":25,"column":31}},"23":{"start":{"line":25,"column":20},"end":{"line":25,"column":31}},"24":{"start":{"line":27,"column":2},"end":{"line":40,"column":3}}},"fnMap":{"0":{"name":"(anonymous_0)","decl":{"start":{"line":4,"column":17},"end":{"line":4,"column":18}},"loc":{"start":{"line":4,"column":48},"end":{"line":41,"column":1}},"line":4},"1":{"name":"(anonymous_1)","decl":{"start":{"line":8,"column":12},"end":{"line":8,"column":13}},"loc":{"start":{"line":8,"column":18},"end":{"line":10,"column":3}},"line":8},"2":{"name":"(anonymous_2)","decl":{"start":{"line":12,"column":12},"end":{"line":12,"column":13}},"loc":{"start":{"line":12,"column":18},"end":{"line":20,"column":3}},"line":12},"3":{"name":"(anonymous_3)","decl":{"start":{"line":13,"column":18},"end":{"line":13,"column":19}},"loc":{"start":{"line":13,"column":25},"end":{"line":17,"column":5}},"line":13},"4":{"name":"(anonymous_4)","decl":{"start":{"line":19,"column":11},"end":{"line":19,"column":12}},"loc":{"start":{"line":19,"column":17},"end":{"line":19,"column":61}},"line":19},"5":{"name":"(anonymous_5)","decl":{"start":{"line":22,"column":15},"end":{"line":22,"column":16}},"loc":{"start":{"line":22,"column":21},"end":{"line":22,"column":63}},"line":22},"6":{"name":"(anonymous_6)","decl":{"start":{"line":22,"column":30},"end":{"line":22,"column":31}},"loc":{"start":{"line":22,"column":37},"end":{"line":22,"column":62}},"line":22},"7":{"name":"(anonymous_7)","decl":{"start":{"line":23,"column":15},"end":{"line":23,"column":16}},"loc":{"start":{"line":23,"column":21},"end":{"line":23,"column":54}},"line":23},"8":{"name":"(anonymous_8)","decl":{"start":{"line":23,"column":30},"end":{"line":23,"column":31}},"loc":{"start":{"line":23,"column":37},"end":{"line":23,"column":53}},"line":23}},"branchMap":{"0":{"loc":{"start":{"line":4,"column":20},"end":{"line":4,"column":31}},"type":"default-arg","locations":[{"start":{"line":4,"column":29},"end":{"line":4,"column":31}}],"line":4},"1":{"loc":{"start":{"line":4,"column":33},"end":{"line":4,"column":41}},"type":"default-arg","locations":[{"start":{"line":4,"column":39},"end":{"line":4,"column":41}}],"line":4},"2":{"loc":{"start":{"line":14,"column":6},"end":{"line":14,"column":29}},"type":"if","locations":[{"start":{"line":14,"column":6},"end":{"line":14,"column":29}},{"start":{},"end":{}}],"line":14},"3":{"loc":{"start":{"line":15,"column":6},"end":{"line":15,"column":39}},"type":"if","locations":[{"start":{"line":15,"column":6},"end":{"line":15,"column":39}},{"start":{},"end":{}}],"line":15},"4":{"loc":{"start":{"line":16,"column":6},"end":{"line":16,"column":40}},"type":"if","locations":[{"start":{"line":16,"column":6},"end":{"line":16,"column":40}},{"start":{},"end":{}}],"line":16},"5":{"loc":{"start":{"line":25,"column":2},"end":{"line":25,"column":31}},"type":"if","locations":[{"start":{"line":25,"column":2},"end":{"line":25,"column":31}},{"start":{},"end":{}}],"line":25},"6":{"loc":{"start":{"line":31,"column":7},"end":{"line":36,"column":7}},"type":"binary-expr","locations":[{"start":{"line":31,"column":7},"end":{"line":31,"column":17}},{"start":{"line":32,"column":8},"end":{"line":35,"column":11}}],"line":31}},"s":{"0":1,"1":16,"2":16,"3":16,"4":7,"5":16,"6":13,"7":4,"8":2,"9":2,"10":1,"11":2,"12":1,"13":13,"14":13,"15":13,"16":16,"17":2,"18":2,"19":16,"20":3,"21":3,"22":16,"23":1,"24":15},"f":{"0":16,"1":7,"2":13,"3":4,"4":13,"5":2,"6":2,"7":3,"8":3},"b":{"0":[0],"1":[0],"2":[2,2],"3":[1,1],"4":[1,1],"5":[1,15],"6":[15,13]},"_coverageSchema":"1a1c01bbd47fc00a2c39e90264f33305004495a9","hash":"26f1c42a7a4ecb2cfc20220a74aa5efb2fcb6ef7"}
}
