TN:
SF:src\components\Carousel.jsx
FN:4,(anonymous_0)
FN:8,(anonymous_1)
FN:12,(anonymous_2)
FN:13,(anonymous_3)
FN:19,(anonymous_4)
FN:22,(anonymous_5)
FN:22,(anonymous_6)
FN:23,(anonymous_7)
FN:23,(anonymous_8)
FNF:9
FNH:9
FNDA:46,(anonymous_0)
FNDA:19,(anonymous_1)
FNDA:38,(anonymous_2)
FNDA:11,(anonymous_3)
FNDA:38,(anonymous_4)
FNDA:4,(anonymous_5)
FNDA:4,(anonymous_6)
FNDA:14,(anonymous_7)
FNDA:14,(anonymous_8)
DA:4,1
DA:5,46
DA:6,46
DA:8,46
DA:9,19
DA:12,46
DA:13,38
DA:14,11
DA:15,9
DA:16,9
DA:18,38
DA:19,38
DA:22,46
DA:23,46
DA:25,46
DA:27,44
LF:16
LH:16
BRDA:4,0,0,1
BRDA:4,1,0,1
BRDA:14,2,0,2
BRDA:14,2,1,9
BRDA:15,3,0,1
BRDA:15,3,1,8
BRDA:16,4,0,5
BRDA:16,4,1,4
BRDA:25,5,0,2
BRDA:25,5,1,44
BRDA:31,6,0,44
BRDA:31,6,1,42
BRF:12
BRH:12
end_of_record
TN:
SF:src\components\PropertyCard.jsx
FN:4,(anonymous_0)
FNF:1
FNH:1
FNDA:13,(anonymous_0)
DA:4,1
DA:5,13
LF:2
LH:2
BRF:0
BRH:0
end_of_record
