TN:
SF:src\components\Card.jsx
FN:3,(anonymous_0)
FNF:1
FNH:1
FNDA:4,(anonymous_0)
DA:3,1
DA:4,4
DA:6,3
DA:8,3
LF:4
LH:4
BRDA:4,0,0,1
BRDA:4,0,1,3
BRDA:11,1,0,2
BRDA:11,1,1,1
BRDA:12,2,0,2
BRDA:12,2,1,0
BRDA:18,3,0,3
BRDA:18,3,1,2
BRF:8
BRH:7
end_of_record
TN:
SF:src\components\Carousel.jsx
FN:4,(anonymous_0)
FN:8,(anonymous_1)
FN:12,(anonymous_2)
FN:13,(anonymous_3)
FN:19,(anonymous_4)
FN:22,(anonymous_5)
FN:22,(anonymous_6)
FN:23,(anonymous_7)
FN:23,(anonymous_8)
FNF:9
FNH:9
FNDA:16,(anonymous_0)
FNDA:7,(anonymous_1)
FNDA:13,(anonymous_2)
FNDA:4,(anonymous_3)
FNDA:13,(anonymous_4)
FNDA:2,(anonymous_5)
FNDA:2,(anonymous_6)
FNDA:3,(anonymous_7)
FNDA:3,(anonymous_8)
DA:4,1
DA:5,16
DA:6,16
DA:8,16
DA:9,7
DA:12,16
DA:13,13
DA:14,4
DA:15,2
DA:16,2
DA:18,13
DA:19,13
DA:22,16
DA:23,16
DA:25,16
DA:27,15
LF:16
LH:16
BRDA:4,0,0,0
BRDA:4,1,0,0
BRDA:14,2,0,2
BRDA:14,2,1,2
BRDA:15,3,0,1
BRDA:15,3,1,1
BRDA:16,4,0,1
BRDA:16,4,1,1
BRDA:25,5,0,1
BRDA:25,5,1,15
BRDA:31,6,0,15
BRDA:31,6,1,13
BRF:12
BRH:10
end_of_record
